0 info it worked if it ends with ok
1 verbose cli [ '/usr/bin/node', '/usr/bin/npm', 'publish' ]
2 info using npm@3.5.2
3 info using node@v8.10.0
4 verbose publish [ '.' ]
5 silly cache add args [ '.', null ]
6 verbose cache add spec .
7 silly cache add parsed spec Result {
7 silly cache add   raw: '.',
7 silly cache add   scope: null,
7 silly cache add   name: null,
7 silly cache add   rawSpec: '.',
7 silly cache add   spec: '/home/miaababikir/Projects/Node-js/JoeVue',
7 silly cache add   type: 'directory' }
8 verbose addLocalDirectory /home/miaababikir/.npm/joe-vue/0.2.0/package.tgz not in flight; packing
9 info lifecycle joe-vue@0.2.0~prepublish: joe-vue@0.2.0
10 silly lifecycle joe-vue@0.2.0~prepublish: no script for prepublish, continuing
11 verbose tar pack [ '/home/miaababikir/.npm/joe-vue/0.2.0/package.tgz',
11 verbose tar pack   '/home/miaababikir/Projects/Node-js/JoeVue' ]
12 verbose tarball /home/miaababikir/.npm/joe-vue/0.2.0/package.tgz
13 verbose folder /home/miaababikir/Projects/Node-js/JoeVue
14 verbose addLocalTarball adding from inside cache /home/miaababikir/.npm/joe-vue/0.2.0/package.tgz
15 silly cache afterAdd joe-vue@0.2.0
16 verbose afterAdd /home/miaababikir/.npm/joe-vue/0.2.0/package/package.json not in flight; writing
17 verbose afterAdd /home/miaababikir/.npm/joe-vue/0.2.0/package/package.json written
18 silly publish { name: 'joe-vue',
18 silly publish   version: '0.2.0',
18 silly publish   description: 'CLI for creating vue files.',
18 silly publish   main: 'index.js',
18 silly publish   preferGlobal: true,
18 silly publish   bin: { 'joe-vue': './index.js' },
18 silly publish   scripts: { test: 'echo "Error: no test specified" && exit 1' },
18 silly publish   author: { name: 'Miaababikir' },
18 silly publish   license: 'ISC',
18 silly publish   repository:
18 silly publish    { type: 'git',
18 silly publish      url: 'git+https://github.com/Miaababikir/JoeVue.git' },
18 silly publish   dependencies: { chalk: '^2.4.2', commander: '^2.19.0', 'fs-extra': '^7.0.1' },
18 silly publish   readme: '# JoeVue CLI Tool\n\nCLI tool help you create your vue file easily.\n\n## Getting Started\n\nTo start using it just install it from npm and start using it.\n\n### Installing\n\nInstall the package from npm\n\n```\nnpm install -g joe-vue\n```\n\n## Configuration\n\nChange default path for creating file (Don\'t forget about the \'/\' at the end ^_^, We will fix it next release)\n\n```\njoe-vue set:path newPath/\n```\n\n## How to use it\n\nCreate vue component file\n\n```\njoe-vue make:component FooComponent\n```\n\nCreate vue view file\n\n```\njoe-vue make:view FooView\n```\n\nCreate javascript file\n\n```\njoe-vue make:js FooScript\n```\n\n## Built With\n\n* [Node js](https://nodejs.org) - The framework used.\n* [commander](https://github.com/tj/commander.js/) - Helpful library for making CLI with Node js.\n\n## Authors\n\n* **Mosab Ibrahim** [Github](https://github.com/Miaababikir)\n* **Omir Gibreel** [Github](https://github.com/comrade1996)\n\n## At last\n\n* Please contribute to our repo\n* Any contribution we will appreciate it\n* If there is any improvements and enhancement to the code base please submit it to us\n* Thanx ^_^\n',
18 silly publish   readmeFilename: 'README.md',
18 silly publish   gitHead: '401a5612ea88ebccfc7ad4343f1e8a99833db53e',
18 silly publish   bugs: { url: 'https://github.com/Miaababikir/JoeVue/issues' },
18 silly publish   homepage: 'https://github.com/Miaababikir/JoeVue#readme',
18 silly publish   _id: 'joe-vue@0.2.0',
18 silly publish   _shasum: '0b252b14929a08f805e50ba7b78763e1b32879cc',
18 silly publish   _from: '.' }
19 verbose getPublishConfig undefined
20 silly mapToRegistry name joe-vue
21 silly mapToRegistry using default registry
22 silly mapToRegistry registry https://registry.npmjs.org/
23 silly mapToRegistry uri https://registry.npmjs.org/joe-vue
24 verbose publish registryBase https://registry.npmjs.org/
25 silly publish uploading /home/miaababikir/.npm/joe-vue/0.2.0/package.tgz
26 verbose request uri https://registry.npmjs.org/joe-vue
27 verbose request sending authorization for write operation
28 info attempt registry request try #1 at 9:38:58 PM
29 verbose request using bearer token for auth
30 verbose request id 8271637bbb7438ec
31 http request PUT https://registry.npmjs.org/joe-vue
32 http 403 https://registry.npmjs.org/joe-vue
33 verbose headers { date: 'Sun, 07 Apr 2019 19:39:00 GMT',
33 verbose headers   'content-type': 'application/json',
33 verbose headers   'transfer-encoding': 'chunked',
33 verbose headers   connection: 'keep-alive',
33 verbose headers   'set-cookie':
33 verbose headers    [ '__cfduid=d346c7b669b10a89e5ddc6c05eabb1f691554665939; expires=Mon, 06-Apr-20 19:38:59 GMT; path=/; domain=.registry.npmjs.org; HttpOnly' ],
33 verbose headers   'cf-ray': '4c3e770affc9beda-FRA',
33 verbose headers   'expect-ct': 'max-age=604800, report-uri="https://report-uri.cloudflare.com/cdn-cgi/beacon/expect-ct"',
33 verbose headers   vary: 'Accept-Encoding',
33 verbose headers   server: 'cloudflare',
33 verbose headers   'content-encoding': 'gzip' }
34 verbose request invalidating /home/miaababikir/.npm/registry.npmjs.org/joe-vue on PUT
35 error publish Failed PUT 403
36 verbose stack Error: You cannot publish over the previously published versions: 0.2.0. : joe-vue
36 verbose stack     at makeError (/usr/share/npm/node_modules/npm-registry-client/lib/request.js:264:12)
36 verbose stack     at CachingRegistryClient.<anonymous> (/usr/share/npm/node_modules/npm-registry-client/lib/request.js:252:14)
36 verbose stack     at /usr/share/npm/node_modules/npm-registry-client/lib/request.js:178:7
36 verbose stack     at Gunzip.onEnd (zlib.js:131:5)
36 verbose stack     at emitNone (events.js:111:20)
36 verbose stack     at Gunzip.emit (events.js:208:7)
36 verbose stack     at endReadableNT (_stream_readable.js:1064:12)
36 verbose stack     at _combinedTickCallback (internal/process/next_tick.js:138:11)
36 verbose stack     at process._tickCallback (internal/process/next_tick.js:180:9)
37 verbose statusCode 403
38 verbose pkgid joe-vue
39 verbose cwd /home/miaababikir/Projects/Node-js/JoeVue
40 error Linux 4.15.0-46-generic
41 error argv "/usr/bin/node" "/usr/bin/npm" "publish"
42 error node v8.10.0
43 error npm  v3.5.2
44 error code E403
45 error You cannot publish over the previously published versions: 0.2.0. : joe-vue
46 error If you need help, you may report this error at:
46 error     <https://github.com/npm/npm/issues>
47 verbose exit [ 1, true ]
